Flow report for Basic_DVS
Wed Aug 23 23:38:28 2017
Quartus II 64-Bit Version 15.0.2 Build 153 07/15/2015 SJ Web Edition


---------------------
; Table of Contents ;
---------------------
  1. Legal Notice
  2. Flow Summary
  3. Flow Settings
  4. Flow Non-Default Global Settings
  5. Flow Elapsed Time
  6. Flow OS Summary
  7. Flow Log
  8. Flow Messages
  9. Flow Suppressed Messages



----------------
; Legal Notice ;
----------------
Copyright (C) 1991-2015 Altera Corporation. All rights reserved.
Your use of Altera Corporation's design tools, logic functions 
and other software and tools, and its AMPP partner logic 
functions, and any output files from any of the foregoing 
(including device programming or simulation files), and any 
associated documentation or information are expressly subject 
to the terms and conditions of the Altera Program License 
Subscription Agreement, the Altera Quartus II License Agreement,
the Altera MegaCore Function License Agreement, or other 
applicable license agreement, including, without limitation, 
that your use is for the sole purpose of programming logic 
devices manufactured by Altera and sold by Altera or its 
authorized distributors.  Please refer to the applicable 
agreement for further details.



+-------------------------------------------------------------------------------------------+
; Flow Summary                                                                              ;
+------------------------------------+------------------------------------------------------+
; Flow Status                        ; EDA Netlist Writer Failed - Wed Aug 23 23:38:28 2017 ;
; Quartus II 64-Bit Version          ; 15.0.2 Build 153 07/15/2015 SJ Web Edition           ;
; Revision Name                      ; Basic_DVS                                            ;
; Top-level Entity Name              ; Basic_DVS                                            ;
; Family                             ; Cyclone IV E                                         ;
; Device                             ; EP4CE22F17C6                                         ;
; Timing Models                      ; Final                                                ;
; Total logic elements               ; 4,807 / 22,320 ( 22 % )                              ;
;     Total combinational functions  ; 4,250 / 22,320 ( 19 % )                              ;
;     Dedicated logic registers      ; 3,029 / 22,320 ( 14 % )                              ;
; Total registers                    ; 3098                                                 ;
; Total pins                         ; 41 / 154 ( 27 % )                                    ;
; Total virtual pins                 ; 0                                                    ;
; Total memory bits                  ; 65,280 / 608,256 ( 11 % )                            ;
; Embedded Multiplier 9-bit elements ; 6 / 132 ( 5 % )                                      ;
; Total PLLs                         ; 1 / 4 ( 25 % )                                       ;
+------------------------------------+------------------------------------------------------+


+-----------------------------------------+
; Flow Settings                           ;
+-------------------+---------------------+
; Option            ; Setting             ;
+-------------------+---------------------+
; Start date & time ; 08/23/2017 23:31:47 ;
; Main task         ; Compilation         ;
; Revision Name     ; Basic_DVS           ;
+-------------------+---------------------+


+----------------------------------------------------------------------------------------------------------------------------+
; Flow Non-Default Global Settings                                                                                           ;
+-------------------------------------+---------------------------------------+---------------+-------------+----------------+
; Assignment Name                     ; Value                                 ; Default Value ; Entity Name ; Section Id     ;
+-------------------------------------+---------------------------------------+---------------+-------------+----------------+
; COMPILER_SIGNATURE_ID               ; 189607929404229.150352390506420       ; --            ; --          ; --             ;
; EDA_OUTPUT_DATA_FORMAT              ; Vhdl                                  ; --            ; --          ; eda_simulation ;
; EDA_SIMULATION_TOOL                 ; ModelSim-Altera (VHDL)                ; <None>        ; --          ; --             ;
; MAX_CORE_JUNCTION_TEMP              ; 85                                    ; --            ; --          ; --             ;
; MIN_CORE_JUNCTION_TEMP              ; 0                                     ; --            ; --          ; --             ;
; NOMINAL_CORE_SUPPLY_VOLTAGE         ; 1.2V                                  ; --            ; --          ; --             ;
; PARTITION_COLOR                     ; 16764057                              ; --            ; --          ; Top            ;
; PARTITION_FITTER_PRESERVATION_LEVEL ; PLACEMENT_AND_ROUTING                 ; --            ; --          ; Top            ;
; PARTITION_NETLIST_TYPE              ; SOURCE                                ; --            ; --          ; Top            ;
; POWER_BOARD_THERMAL_MODEL           ; None (CONSERVATIVE)                   ; --            ; --          ; --             ;
; POWER_PRESET_COOLING_SOLUTION       ; 23 MM HEAT SINK WITH 200 LFPM AIRFLOW ; --            ; --          ; --             ;
; PROJECT_OUTPUT_DIRECTORY            ; output_files                          ; --            ; --          ; --             ;
+-------------------------------------+---------------------------------------+---------------+-------------+----------------+


+-------------------------------------------------------------------------------------------------------------------------------+
; Flow Elapsed Time                                                                                                             ;
+---------------------------+--------------+-------------------------+---------------------+------------------------------------+
; Module Name               ; Elapsed Time ; Average Processors Used ; Peak Virtual Memory ; Total CPU Time (on all processors) ;
+---------------------------+--------------+-------------------------+---------------------+------------------------------------+
; Analysis & Synthesis      ; 00:04:36     ; 1.0                     ; 879 MB              ; 00:06:04                           ;
; Fitter                    ; 00:01:07     ; 1.2                     ; 1314 MB             ; 00:01:02                           ;
; Assembler                 ; 00:00:06     ; 1.0                     ; 631 MB              ; 00:00:05                           ;
; TimeQuest Timing Analyzer ; 00:00:15     ; 1.1                     ; 771 MB              ; 00:00:12                           ;
; EDA Netlist Writer        ; 00:00:03     ; 1.0                     ; 617 MB              ; 00:00:03                           ;
; Total                     ; 00:06:07     ; --                      ; --                  ; 00:07:26                           ;
+---------------------------+--------------+-------------------------+---------------------+------------------------------------+


+----------------------------------------------------------------------------------------+
; Flow OS Summary                                                                        ;
+---------------------------+------------------+-----------+------------+----------------+
; Module Name               ; Machine Hostname ; OS Name   ; OS Version ; Processor type ;
+---------------------------+------------------+-----------+------------+----------------+
; Analysis & Synthesis      ; Marko-PC         ; Windows 7 ; 6.1        ; x86_64         ;
; Fitter                    ; Marko-PC         ; Windows 7 ; 6.1        ; x86_64         ;
; Assembler                 ; Marko-PC         ; Windows 7 ; 6.1        ; x86_64         ;
; TimeQuest Timing Analyzer ; Marko-PC         ; Windows 7 ; 6.1        ; x86_64         ;
; EDA Netlist Writer        ; Marko-PC         ; Windows 7 ; 6.1        ; x86_64         ;
+---------------------------+------------------+-----------+------------+----------------+


------------
; Flow Log ;
------------
quartus_map --read_settings_files=on --write_settings_files=off Basic_DVS -c Basic_DVS
quartus_fit --read_settings_files=off --write_settings_files=off Basic_DVS -c Basic_DVS
quartus_asm --read_settings_files=off --write_settings_files=off Basic_DVS -c Basic_DVS
quartus_sta Basic_DVS -c Basic_DVS
quartus_eda --read_settings_files=off --write_settings_files=off Basic_DVS -c Basic_DVS



